
bb_init()
    conn:
    proto_major = 7
    proto_minor = 19
    async_read = 0
    max_write = 33554432
    max_readahead = 1048576
    capable = f8000808
    want = 00000010
    max_background = 0
    congestion_threshold = 0
    context:
    fuse = b7d00000
    uid = 0
    gid = 0
    pid = 0
    private_data = b7c027f0
    logfile = a64320b0
    rootdir = /Users/e31997/Desktop/sha3/fuse/example/rootdir
    umask = 00000

bb_statfs(path="/", statv=0x017593c0)

bb_getattr(path="/", statbuf=0x017dcba0)
    bb_fullpath:  rootdir = "/Users/e31997/Desktop/sha3/fuse/example/rootdir", path = "/", fpath = "/Users/e31997/Desktop/sha3/fuse/example/rootdir/"
    bb_fullpath:  rootdir = "/Users/e31997/Desktop/sha3/fuse/example/rootdir", path = "/", fpath = "/Users/e31997/Desktop/sha3/fuse/example/rootdir/"
    statvfs returned 0
    lstat returned 0
    sv:
    si:
    f_bsize = 1048576
    st_dev = 16777220
    f_frsize = 4096
    st_ino = 1658479
    f_blocks = 121843712
    st_mode = 040755
    f_bfree = 110542996
    st_nlink = 4
    f_bavail = 110478996
    st_uid = 814502220
    f_files = 4294967279
    st_gid = 12104065
    f_ffree = 4293919191
    st_rdev = 0
    f_favail = 4293919191
    st_size = 136
    f_fsid = 16777220
    st_blksize = 4096
    f_flag = 0x00000000
    st_blocks = 0
    f_namemax = 255
    st_atime = 0x5ad51801
    st_mtime = 0x5ad51801
    st_ctime = 0x5ad51801

bb_access(path="/", mask=00)
    bb_fullpath:  rootdir = "/Users/e31997/Desktop/sha3/fuse/example/rootdir", path = "/", fpath = "/Users/e31997/Desktop/sha3/fuse/example/rootdir/"

bb_access(path="/", mask=00)
    bb_fullpath:  rootdir = "/Users/e31997/Desktop/sha3/fuse/example/rootdir", path = "/", fpath = "/Users/e31997/Desktop/sha3/fuse/example/rootdir/"

bb_access(path="/", mask=00)
    bb_fullpath:  rootdir = "/Users/e31997/Desktop/sha3/fuse/example/rootdir", path = "/", fpath = "/Users/e31997/Desktop/sha3/fuse/example/rootdir/"

bb_statfs(path="/", statv=0x017593c0)

bb_access(path="/", mask=00)
    bb_fullpath:  rootdir = "/Users/e31997/Desktop/sha3/fuse/example/rootdir", path = "/", fpath = "/Users/e31997/Desktop/sha3/fuse/example/rootdir/"
    bb_fullpath:  rootdir = "/Users/e31997/Desktop/sha3/fuse/example/rootdir", path = "/", fpath = "/Users/e31997/Desktop/sha3/fuse/example/rootdir/"
    statvfs returned 0
    sv:
    f_bsize = 1048576
    f_frsize = 4096
    f_blocks = 121843712

bb_access(path="/", mask=04)
    f_bfree = 110542996
    bb_fullpath:  rootdir = "/Users/e31997/Desktop/sha3/fuse/example/rootdir", path = "/", fpath = "/Users/e31997/Desktop/sha3/fuse/example/rootdir/"
    f_bavail = 110478996

bb_statfs(path="/", statv=0x016d63c0)
    f_files = 4294967279
    bb_fullpath:  rootdir = "/Users/e31997/Desktop/sha3/fuse/example/rootdir", path = "/", fpath = "/Users/e31997/Desktop/sha3/fuse/example/rootdir/"
    f_ffree = 4293919191

bb_access(path="/", mask=00)
    statvfs returned 0
    f_favail = 4293919191
    bb_fullpath:  rootdir = "/Users/e31997/Desktop/sha3/fuse/example/rootdir", path = "/", fpath = "/Users/e31997/Desktop/sha3/fuse/example/rootdir/"
    sv:
    f_fsid = 16777220
    f_bsize = 1048576
    f_flag = 0x00000000

bb_access(path="/", mask=00)
    f_frsize = 4096
    f_namemax = 255
    bb_fullpath:  rootdir = "/Users/e31997/Desktop/sha3/fuse/example/rootdir", path = "/", fpath = "/Users/e31997/Desktop/sha3/fuse/example/rootdir/"
    f_blocks = 121843712

bb_statfs(path="/", statv=0x0185f3c0)
    f_bfree = 110542996
    bb_fullpath:  rootdir = "/Users/e31997/Desktop/sha3/fuse/example/rootdir", path = "/", fpath = "/Users/e31997/Desktop/sha3/fuse/example/rootdir/"
    f_bavail = 110478996

bb_access(path="/", mask=00)
    f_files = 4294967279
    statvfs returned 0

bb_statfs(path="/", statv=0x017593c0)
    bb_fullpath:  rootdir = "/Users/e31997/Desktop/sha3/fuse/example/rootdir", path = "/", fpath = "/Users/e31997/Desktop/sha3/fuse/example/rootdir/"
    f_ffree = 4293919191
    sv:
    bb_fullpath:  rootdir = "/Users/e31997/Desktop/sha3/fuse/example/rootdir", path = "/", fpath = "/Users/e31997/Desktop/sha3/fuse/example/rootdir/"

bb_statfs(path="/", statv=0x017dc3c0)
    f_favail = 4293919191
    f_bsize = 1048576
    statvfs returned 0

bb_access(path="/", mask=00)
    bb_fullpath:  rootdir = "/Users/e31997/Desktop/sha3/fuse/example/rootdir", path = "/", fpath = "/Users/e31997/Desktop/sha3/fuse/example/rootdir/"
    f_fsid = 16777220

bb_statfs(path="/", statv=0x018e23c0)
    f_frsize = 4096
    sv:
    bb_fullpath:  rootdir = "/Users/e31997/Desktop/sha3/fuse/example/rootdir", path = "/", fpath = "/Users/e31997/Desktop/sha3/fuse/example/rootdir/"
    statvfs returned 0
    f_flag = 0x00000000
    bb_fullpath:  rootdir = "/Users/e31997/Desktop/sha3/fuse/example/rootdir", path = "/", fpath = "/Users/e31997/Desktop/sha3/fuse/example/rootdir/"
    f_blocks = 121843712
    f_bsize = 1048576
    sv:
    f_namemax = 255

bb_access(path="/", mask=00)
    statvfs returned 0
    f_bfree = 110542996
    f_frsize = 4096
    f_bsize = 1048576

bb_statfs(path="/", statv=0x016d63c0)
    bb_fullpath:  rootdir = "/Users/e31997/Desktop/sha3/fuse/example/rootdir", path = "/", fpath = "/Users/e31997/Desktop/sha3/fuse/example/rootdir/"
    sv:
    f_bavail = 110478996
    f_blocks = 121843712
    f_frsize = 4096
    bb_fullpath:  rootdir = "/Users/e31997/Desktop/sha3/fuse/example/rootdir", path = "/", fpath = "/Users/e31997/Desktop/sha3/fuse/example/rootdir/"

bb_statfs(path="/", statv=0x019653c0)
    f_bsize = 1048576
    f_files = 4294967279
    f_bfree = 110542995

bb_access(path="/", mask=00)
    f_blocks = 121843712
    statvfs returned 0
    bb_fullpath:  rootdir = "/Users/e31997/Desktop/sha3/fuse/example/rootdir", path = "/", fpath = "/Users/e31997/Desktop/sha3/fuse/example/rootdir/"

bb_statfs(path="/", statv=0x019e83c0)
    f_frsize = 4096
    f_ffree = 4293919191
    f_bavail = 110478995
    bb_fullpath:  rootdir = "/Users/e31997/Desktop/sha3/fuse/example/rootdir", path = "/", fpath = "/Users/e31997/Desktop/sha3/fuse/example/rootdir/"
    f_bfree = 110542995
    sv:
    statvfs returned 0
    bb_fullpath:  rootdir = "/Users/e31997/Desktop/sha3/fuse/example/rootdir", path = "/", fpath = "/Users/e31997/Desktop/sha3/fuse/example/rootdir/"
    f_blocks = 121843712
    f_favail = 4293919191
    f_files = 4294967279
    f_bavail = 110478995
    f_bsize = 1048576

bb_access(path="/", mask=00)
    sv:
    f_bfree = 110542995
    statvfs returned 0
    f_fsid = 16777220

bb_statfs(path="/", statv=0x01a6b3c0)
    f_ffree = 4293919191
    f_files = 4294967279
    f_frsize = 4096
    bb_fullpath:  rootdir = "/Users/e31997/Desktop/sha3/fuse/example/rootdir", path = "/", fpath = "/Users/e31997/Desktop/sha3/fuse/example/rootdir/"
    f_bsize = 1048576
    f_bavail = 110478995
    sv:
    f_flag = 0x00000000
    bb_fullpath:  rootdir = "/Users/e31997/Desktop/sha3/fuse/example/rootdir", path = "/", fpath = "/Users/e31997/Desktop/sha3/fuse/example/rootdir/"
    f_favail = 4293919191
    f_ffree = 4293919191
    f_blocks = 121843712
    f_frsize = 4096
    f_files = 4294967279
    f_bsize = 1048576
    f_namemax = 255
    statvfs returned 0
    f_fsid = 16777220

bb_access(path="/", mask=00)
    f_favail = 4293919191
    f_bfree = 110542995
    f_blocks = 121843712
    f_ffree = 4293919191
    f_frsize = 4096
    sv:
    f_flag = 0x00000000
    bb_fullpath:  rootdir = "/Users/e31997/Desktop/sha3/fuse/example/rootdir", path = "/", fpath = "/Users/e31997/Desktop/sha3/fuse/example/rootdir/"
    f_fsid = 16777220
    f_bavail = 110478995

bb_statfs(path="/", statv=0x01aee3c0)
    f_bfree = 110542995
    f_favail = 4293919191
    f_blocks = 121843712
    f_bsize = 1048576
    f_namemax = 255
    f_flag = 0x00000000
    f_files = 4294967279
    bb_fullpath:  rootdir = "/Users/e31997/Desktop/sha3/fuse/example/rootdir", path = "/", fpath = "/Users/e31997/Desktop/sha3/fuse/example/rootdir/"

bb_access(path="/", mask=00)
    f_bavail = 110478995
    f_fsid = 16777220
    f_bfree = 110542995
    f_frsize = 4096
    f_namemax = 255
    f_ffree = 4293919191
    statvfs returned 0
    bb_fullpath:  rootdir = "/Users/e31997/Desktop/sha3/fuse/example/rootdir", path = "/", fpath = "/Users/e31997/Desktop/sha3/fuse/example/rootdir/"
    f_files = 4294967279
    f_flag = 0x00000000
    f_bavail = 110478995
    f_blocks = 121843712
    f_favail = 4293919191
    sv:
    f_ffree = 4293919191
    f_namemax = 255
    f_files = 4294967279
    f_bfree = 110542995

bb_access(path="/", mask=00)
    f_fsid = 16777220

bb_statfs(path="/", statv=0x017593c0)
    f_bsize = 1048576
    f_favail = 4293919191
    f_ffree = 4293919191
    f_bavail = 110478995
    bb_fullpath:  rootdir = "/Users/e31997/Desktop/sha3/fuse/example/rootdir", path = "/", fpath = "/Users/e31997/Desktop/sha3/fuse/example/rootdir/"
    f_flag = 0x00000000
    bb_fullpath:  rootdir = "/Users/e31997/Desktop/sha3/fuse/example/rootdir", path = "/", fpath = "/Users/e31997/Desktop/sha3/fuse/example/rootdir/"
    f_frsize = 4096
    f_fsid = 16777220
    f_favail = 4293919191
    f_files = 4294967279
    f_namemax = 255
    statvfs returned 0

bb_access(path="/", mask=00)
    f_blocks = 121843712
    f_flag = 0x00000000

bb_statfs(path="/", statv=0x0185f3c0)
    f_fsid = 16777220
    f_ffree = 4293919191
    sv:
    bb_fullpath:  rootdir = "/Users/e31997/Desktop/sha3/fuse/example/rootdir", path = "/", fpath = "/Users/e31997/Desktop/sha3/fuse/example/rootdir/"
    f_bfree = 110542995
    f_namemax = 255
    bb_fullpath:  rootdir = "/Users/e31997/Desktop/sha3/fuse/example/rootdir", path = "/", fpath = "/Users/e31997/Desktop/sha3/fuse/example/rootdir/"
    f_flag = 0x00000000
    f_favail = 4293919191
    f_bsize = 1048576
    f_bavail = 110478995

bb_access(path="/", mask=00)
    statvfs returned 0
    f_namemax = 255

bb_statfs(path="/", statv=0x01b713c0)
    f_fsid = 16777220
    f_frsize = 4096
    f_files = 4294967279
    bb_fullpath:  rootdir = "/Users/e31997/Desktop/sha3/fuse/example/rootdir", path = "/", fpath = "/Users/e31997/Desktop/sha3/fuse/example/rootdir/"
    sv:
    bb_fullpath:  rootdir = "/Users/e31997/Desktop/sha3/fuse/example/rootdir", path = "/", fpath = "/Users/e31997/Desktop/sha3/fuse/example/rootdir/"
    f_flag = 0x00000000
    f_blocks = 121843712
    f_ffree = 4293919191
    f_bsize = 1048576

bb_access(path="/", mask=00)

bb_statfs(path="/", statv=0x019653c0)
    f_namemax = 255
    f_bfree = 110542994
    statvfs returned 0
    f_favail = 4293919191
    f_frsize = 4096
    bb_fullpath:  rootdir = "/Users/e31997/Desktop/sha3/fuse/example/rootdir", path = "/", fpath = "/Users/e31997/Desktop/sha3/fuse/example/rootdir/"
    bb_fullpath:  rootdir = "/Users/e31997/Desktop/sha3/fuse/example/rootdir", path = "/", fpath = "/Users/e31997/Desktop/sha3/fuse/example/rootdir/"
    f_bavail = 110478994
    sv:
    f_fsid = 16777220
    f_blocks = 121843712
    statvfs returned 0
    f_files = 4294967279

bb_access(path="/", mask=00)
    f_bsize = 1048576
    f_flag = 0x00000000
    f_bfree = 110542994
    sv:
    f_ffree = 4293919191
    bb_fullpath:  rootdir = "/Users/e31997/Desktop/sha3/fuse/example/rootdir", path = "/", fpath = "/Users/e31997/Desktop/sha3/fuse/example/rootdir/"
    f_frsize = 4096
    f_namemax = 255
    f_bavail = 110478994
    f_bsize = 1048576
    f_favail = 4293919191
    f_blocks = 121843712

bb_access(path="/", mask=00)

bb_statfs(path="/", statv=0x018e23c0)
    f_files = 4294967279
    f_frsize = 4096
    f_fsid = 16777220
    f_bfree = 110542994
    bb_fullpath:  rootdir = "/Users/e31997/Desktop/sha3/fuse/example/rootdir", path = "/", fpath = "/Users/e31997/Desktop/sha3/fuse/example/rootdir/"
    bb_fullpath:  rootdir = "/Users/e31997/Desktop/sha3/fuse/example/rootdir", path = "/", fpath = "/Users/e31997/Desktop/sha3/fuse/example/rootdir/"
    f_ffree = 4293919191
    f_blocks = 121843712
    f_flag = 0x00000000
    f_bavail = 110478994

bb_access(path="/", mask=00)
    statvfs returned 0
    f_favail = 4293919191
    f_bfree = 110542994
    f_namemax = 255
    f_files = 4294967279
    bb_fullpath:  rootdir = "/Users/e31997/Desktop/sha3/fuse/example/rootdir", path = "/", fpath = "/Users/e31997/Desktop/sha3/fuse/example/rootdir/"

bb_statfs(path="/", statv=0x016d63c0)
    sv:
    f_fsid = 16777220
    f_bavail = 110478994
    f_ffree = 4293919191
    bb_fullpath:  rootdir = "/Users/e31997/Desktop/sha3/fuse/example/rootdir", path = "/", fpath = "/Users/e31997/Desktop/sha3/fuse/example/rootdir/"
    f_bsize = 1048576

bb_access(path="/", mask=00)
    f_flag = 0x00000000

bb_statfs(path="/", statv=0x01aee3c0)
    f_files = 4294967279
    f_favail = 4293919191
    f_frsize = 4096
    statvfs returned 0
    bb_fullpath:  rootdir = "/Users/e31997/Desktop/sha3/fuse/example/rootdir", path = "/", fpath = "/Users/e31997/Desktop/sha3/fuse/example/rootdir/"
    f_namemax = 255
    bb_fullpath:  rootdir = "/Users/e31997/Desktop/sha3/fuse/example/rootdir", path = "/", fpath = "/Users/e31997/Desktop/sha3/fuse/example/rootdir/"
    f_ffree = 4293919191
    f_fsid = 16777220
    f_blocks = 121843712
    sv:

bb_access(path="/", mask=00)
    statvfs returned 0
    f_favail = 4293919191

bb_statfs(path="/", statv=0x017593c0)
    f_flag = 0x00000000
    f_bfree = 110542994
    f_bsize = 1048576
    bb_fullpath:  rootdir = "/Users/e31997/Desktop/sha3/fuse/example/rootdir", path = "/", fpath = "/Users/e31997/Desktop/sha3/fuse/example/rootdir/"
    sv:
    f_fsid = 16777220
    bb_fullpath:  rootdir = "/Users/e31997/Desktop/sha3/fuse/example/rootdir", path = "/", fpath = "/Users/e31997/Desktop/sha3/fuse/example/rootdir/"
    f_namemax = 255
    f_bavail = 110478994
    f_frsize = 4096
    f_bsize = 1048576
    f_flag = 0x00000000

bb_access(path="/", mask=00)
    statvfs returned 0

bb_statfs(path="/", statv=0x017dc3c0)
    f_files = 4294967279
    f_blocks = 121843712
    f_frsize = 4096
    f_namemax = 255
    bb_fullpath:  rootdir = "/Users/e31997/Desktop/sha3/fuse/example/rootdir", path = "/", fpath = "/Users/e31997/Desktop/sha3/fuse/example/rootdir/"
    sv:
    bb_fullpath:  rootdir = "/Users/e31997/Desktop/sha3/fuse/example/rootdir", path = "/", fpath = "/Users/e31997/Desktop/sha3/fuse/example/rootdir/"
    f_ffree = 4293919191
    f_bfree = 110542993
    f_blocks = 121843712
    f_bsize = 1048576
    statvfs returned 0
    f_favail = 4293919191

bb_access(path="/", mask=00)
    f_bavail = 110478993
    f_bfree = 110542993
    f_frsize = 4096
    sv:
    f_fsid = 16777220
    bb_fullpath:  rootdir = "/Users/e31997/Desktop/sha3/fuse/example/rootdir", path = "/", fpath = "/Users/e31997/Desktop/sha3/fuse/example/rootdir/"
    f_files = 4294967279
    f_bavail = 110478993
    f_blocks = 121843712
    f_bsize = 1048576
    f_flag = 0x00000000
    f_ffree = 4293919191

bb_access(path="/", mask=00)
    f_files = 4294967279
    f_bfree = 110542993
    f_frsize = 4096
    f_namemax = 255
    f_favail = 4293919191
    bb_fullpath:  rootdir = "/Users/e31997/Desktop/sha3/fuse/example/rootdir", path = "/", fpath = "/Users/e31997/Desktop/sha3/fuse/example/rootdir/"
    f_ffree = 4293919191
    f_bavail = 110478993
    f_blocks = 121843712
    f_fsid = 16777220
    f_favail = 4293919191
    f_files = 4294967279

bb_access(path="/", mask=00)
    f_bfree = 110542993
    f_flag = 0x00000000
    f_fsid = 16777220
    f_ffree = 4293919191
    bb_fullpath:  rootdir = "/Users/e31997/Desktop/sha3/fuse/example/rootdir", path = "/", fpath = "/Users/e31997/Desktop/sha3/fuse/example/rootdir/"
    f_bavail = 110478993
    f_namemax = 255
    f_flag = 0x00000000
    f_favail = 4293919191
    f_files = 4294967279

bb_access(path="/", mask=00)
    f_namemax = 255
    f_fsid = 16777220
    f_ffree = 4293919191
    bb_fullpath:  rootdir = "/Users/e31997/Desktop/sha3/fuse/example/rootdir", path = "/", fpath = "/Users/e31997/Desktop/sha3/fuse/example/rootdir/"
    f_flag = 0x00000000
    f_favail = 4293919191
    f_namemax = 255
    f_fsid = 16777220

bb_access(path="/", mask=00)
    f_flag = 0x00000000

bb_statfs(path="/", statv=0x0185f3c0)
    bb_fullpath:  rootdir = "/Users/e31997/Desktop/sha3/fuse/example/rootdir", path = "/", fpath = "/Users/e31997/Desktop/sha3/fuse/example/rootdir/"
    f_namemax = 255
    bb_fullpath:  rootdir = "/Users/e31997/Desktop/sha3/fuse/example/rootdir", path = "/", fpath = "/Users/e31997/Desktop/sha3/fuse/example/rootdir/"
    statvfs returned 0

bb_access(path="/", mask=00)
    sv:
    bb_fullpath:  rootdir = "/Users/e31997/Desktop/sha3/fuse/example/rootdir", path = "/", fpath = "/Users/e31997/Desktop/sha3/fuse/example/rootdir/"
    f_bsize = 1048576
    f_frsize = 4096
    f_blocks = 121843712
    f_bfree = 110542993
    f_bavail = 110478993
    f_files = 4294967279
    f_ffree = 4293919191

bb_access(path="/", mask=00)
    f_favail = 4293919191
    bb_fullpath:  rootdir = "/Users/e31997/Desktop/sha3/fuse/example/rootdir", path = "/", fpath = "/Users/e31997/Desktop/sha3/fuse/example/rootdir/"
    f_fsid = 16777220
    f_flag = 0x00000000
    f_namemax = 255

bb_access(path="/", mask=00)
    bb_fullpath:  rootdir = "/Users/e31997/Desktop/sha3/fuse/example/rootdir", path = "/", fpath = "/Users/e31997/Desktop/sha3/fuse/example/rootdir/"

bb_access(path="/", mask=00)
    bb_fullpath:  rootdir = "/Users/e31997/Desktop/sha3/fuse/example/rootdir", path = "/", fpath = "/Users/e31997/Desktop/sha3/fuse/example/rootdir/"

bb_access(path="/", mask=00)
    bb_fullpath:  rootdir = "/Users/e31997/Desktop/sha3/fuse/example/rootdir", path = "/", fpath = "/Users/e31997/Desktop/sha3/fuse/example/rootdir/"

bb_access(path="/", mask=00)
    bb_fullpath:  rootdir = "/Users/e31997/Desktop/sha3/fuse/example/rootdir", path = "/", fpath = "/Users/e31997/Desktop/sha3/fuse/example/rootdir/"

bb_access(path="/", mask=00)
    bb_fullpath:  rootdir = "/Users/e31997/Desktop/sha3/fuse/example/rootdir", path = "/", fpath = "/Users/e31997/Desktop/sha3/fuse/example/rootdir/"

bb_access(path="/", mask=00)
    bb_fullpath:  rootdir = "/Users/e31997/Desktop/sha3/fuse/example/rootdir", path = "/", fpath = "/Users/e31997/Desktop/sha3/fuse/example/rootdir/"

bb_access(path="/", mask=00)
    bb_fullpath:  rootdir = "/Users/e31997/Desktop/sha3/fuse/example/rootdir", path = "/", fpath = "/Users/e31997/Desktop/sha3/fuse/example/rootdir/"

bb_access(path="/", mask=00)
    bb_fullpath:  rootdir = "/Users/e31997/Desktop/sha3/fuse/example/rootdir", path = "/", fpath = "/Users/e31997/Desktop/sha3/fuse/example/rootdir/"

bb_access(path="/", mask=00)
    bb_fullpath:  rootdir = "/Users/e31997/Desktop/sha3/fuse/example/rootdir", path = "/", fpath = "/Users/e31997/Desktop/sha3/fuse/example/rootdir/"

bb_access(path="/", mask=00)
    bb_fullpath:  rootdir = "/Users/e31997/Desktop/sha3/fuse/example/rootdir", path = "/", fpath = "/Users/e31997/Desktop/sha3/fuse/example/rootdir/"

bb_access(path="/", mask=00)
    bb_fullpath:  rootdir = "/Users/e31997/Desktop/sha3/fuse/example/rootdir", path = "/", fpath = "/Users/e31997/Desktop/sha3/fuse/example/rootdir/"

bb_access(path="/", mask=00)
    bb_fullpath:  rootdir = "/Users/e31997/Desktop/sha3/fuse/example/rootdir", path = "/", fpath = "/Users/e31997/Desktop/sha3/fuse/example/rootdir/"

bb_access(path="/", mask=00)
    bb_fullpath:  rootdir = "/Users/e31997/Desktop/sha3/fuse/example/rootdir", path = "/", fpath = "/Users/e31997/Desktop/sha3/fuse/example/rootdir/"

bb_access(path="/", mask=00)
    bb_fullpath:  rootdir = "/Users/e31997/Desktop/sha3/fuse/example/rootdir", path = "/", fpath = "/Users/e31997/Desktop/sha3/fuse/example/rootdir/"

bb_access(path="/", mask=00)
    bb_fullpath:  rootdir = "/Users/e31997/Desktop/sha3/fuse/example/rootdir", path = "/", fpath = "/Users/e31997/Desktop/sha3/fuse/example/rootdir/"

bb_access(path="/", mask=00)
    bb_fullpath:  rootdir = "/Users/e31997/Desktop/sha3/fuse/example/rootdir", path = "/", fpath = "/Users/e31997/Desktop/sha3/fuse/example/rootdir/"

bb_access(path="/", mask=00)
    bb_fullpath:  rootdir = "/Users/e31997/Desktop/sha3/fuse/example/rootdir", path = "/", fpath = "/Users/e31997/Desktop/sha3/fuse/example/rootdir/"

bb_access(path="/", mask=00)
    bb_fullpath:  rootdir = "/Users/e31997/Desktop/sha3/fuse/example/rootdir", path = "/", fpath = "/Users/e31997/Desktop/sha3/fuse/example/rootdir/"

bb_access(path="/", mask=00)
    bb_fullpath:  rootdir = "/Users/e31997/Desktop/sha3/fuse/example/rootdir", path = "/", fpath = "/Users/e31997/Desktop/sha3/fuse/example/rootdir/"

bb_access(path="/", mask=00)
    bb_fullpath:  rootdir = "/Users/e31997/Desktop/sha3/fuse/example/rootdir", path = "/", fpath = "/Users/e31997/Desktop/sha3/fuse/example/rootdir/"

bb_access(path="/", mask=00)
    bb_fullpath:  rootdir = "/Users/e31997/Desktop/sha3/fuse/example/rootdir", path = "/", fpath = "/Users/e31997/Desktop/sha3/fuse/example/rootdir/"

bb_access(path="/", mask=00)
    bb_fullpath:  rootdir = "/Users/e31997/Desktop/sha3/fuse/example/rootdir", path = "/", fpath = "/Users/e31997/Desktop/sha3/fuse/example/rootdir/"

bb_access(path="/", mask=00)
    bb_fullpath:  rootdir = "/Users/e31997/Desktop/sha3/fuse/example/rootdir", path = "/", fpath = "/Users/e31997/Desktop/sha3/fuse/example/rootdir/"

bb_access(path="/", mask=00)
    bb_fullpath:  rootdir = "/Users/e31997/Desktop/sha3/fuse/example/rootdir", path = "/", fpath = "/Users/e31997/Desktop/sha3/fuse/example/rootdir/"

bb_access(path="/", mask=00)
    bb_fullpath:  rootdir = "/Users/e31997/Desktop/sha3/fuse/example/rootdir", path = "/", fpath = "/Users/e31997/Desktop/sha3/fuse/example/rootdir/"

bb_access(path="/", mask=00)
    bb_fullpath:  rootdir = "/Users/e31997/Desktop/sha3/fuse/example/rootdir", path = "/", fpath = "/Users/e31997/Desktop/sha3/fuse/example/rootdir/"

bb_access(path="/", mask=00)
    bb_fullpath:  rootdir = "/Users/e31997/Desktop/sha3/fuse/example/rootdir", path = "/", fpath = "/Users/e31997/Desktop/sha3/fuse/example/rootdir/"

bb_access(path="/", mask=00)
    bb_fullpath:  rootdir = "/Users/e31997/Desktop/sha3/fuse/example/rootdir", path = "/", fpath = "/Users/e31997/Desktop/sha3/fuse/example/rootdir/"

bb_access(path="/", mask=00)
    bb_fullpath:  rootdir = "/Users/e31997/Desktop/sha3/fuse/example/rootdir", path = "/", fpath = "/Users/e31997/Desktop/sha3/fuse/example/rootdir/"

bb_access(path="/", mask=00)
    bb_fullpath:  rootdir = "/Users/e31997/Desktop/sha3/fuse/example/rootdir", path = "/", fpath = "/Users/e31997/Desktop/sha3/fuse/example/rootdir/"

bb_access(path="/", mask=00)
    bb_fullpath:  rootdir = "/Users/e31997/Desktop/sha3/fuse/example/rootdir", path = "/", fpath = "/Users/e31997/Desktop/sha3/fuse/example/rootdir/"

bb_access(path="/", mask=00)
    bb_fullpath:  rootdir = "/Users/e31997/Desktop/sha3/fuse/example/rootdir", path = "/", fpath = "/Users/e31997/Desktop/sha3/fuse/example/rootdir/"

bb_access(path="/", mask=00)
    bb_fullpath:  rootdir = "/Users/e31997/Desktop/sha3/fuse/example/rootdir", path = "/", fpath = "/Users/e31997/Desktop/sha3/fuse/example/rootdir/"

bb_access(path="/", mask=00)
    bb_fullpath:  rootdir = "/Users/e31997/Desktop/sha3/fuse/example/rootdir", path = "/", fpath = "/Users/e31997/Desktop/sha3/fuse/example/rootdir/"

bb_access(path="/", mask=02)
    bb_fullpath:  rootdir = "/Users/e31997/Desktop/sha3/fuse/example/rootdir", path = "/", fpath = "/Users/e31997/Desktop/sha3/fuse/example/rootdir/"

bb_access(path="/", mask=04)
    bb_fullpath:  rootdir = "/Users/e31997/Desktop/sha3/fuse/example/rootdir", path = "/", fpath = "/Users/e31997/Desktop/sha3/fuse/example/rootdir/"

bb_access(path="/", mask=01)
    bb_fullpath:  rootdir = "/Users/e31997/Desktop/sha3/fuse/example/rootdir", path = "/", fpath = "/Users/e31997/Desktop/sha3/fuse/example/rootdir/"

bb_getxattr(path = "/", name = "com.apple.FinderInfo", value = 0xb7c02eb0, size = 32)
    bb_fullpath:  rootdir = "/Users/e31997/Desktop/sha3/fuse/example/rootdir", path = "/", fpath = "/Users/e31997/Desktop/sha3/fuse/example/rootdir/"
    lgetxattr returned -1
    ERROR lgetxattr: Attribute not found

bb_access(path="/", mask=00)
    bb_fullpath:  rootdir = "/Users/e31997/Desktop/sha3/fuse/example/rootdir", path = "/", fpath = "/Users/e31997/Desktop/sha3/fuse/example/rootdir/"

bb_access(path="/", mask=00)
    bb_fullpath:  rootdir = "/Users/e31997/Desktop/sha3/fuse/example/rootdir", path = "/", fpath = "/Users/e31997/Desktop/sha3/fuse/example/rootdir/"

bb_access(path="/", mask=02)
    bb_fullpath:  rootdir = "/Users/e31997/Desktop/sha3/fuse/example/rootdir", path = "/", fpath = "/Users/e31997/Desktop/sha3/fuse/example/rootdir/"

bb_access(path="/", mask=04)
    bb_fullpath:  rootdir = "/Users/e31997/Desktop/sha3/fuse/example/rootdir", path = "/", fpath = "/Users/e31997/Desktop/sha3/fuse/example/rootdir/"

bb_statfs(path="/", statv=0x01aee3c0)
    bb_fullpath:  rootdir = "/Users/e31997/Desktop/sha3/fuse/example/rootdir", path = "/", fpath = "/Users/e31997/Desktop/sha3/fuse/example/rootdir/"
    statvfs returned 0
    sv:
    f_bsize = 1048576
    f_frsize = 4096
    f_blocks = 121843712
    f_bfree = 110542990
    f_bavail = 110478990
    f_files = 4294967279

bb_access(path="/", mask=01)
    f_ffree = 4293919191
    bb_fullpath:  rootdir = "/Users/e31997/Desktop/sha3/fuse/example/rootdir", path = "/", fpath = "/Users/e31997/Desktop/sha3/fuse/example/rootdir/"
    f_favail = 4293919191
    f_fsid = 16777220
    f_flag = 0x00000000
    f_namemax = 255

bb_getxattr(path = "/", name = "com.apple.FinderInfo", value = 0xb7e00210, size = 32)
    bb_fullpath:  rootdir = "/Users/e31997/Desktop/sha3/fuse/example/rootdir", path = "/", fpath = "/Users/e31997/Desktop/sha3/fuse/example/rootdir/"
    lgetxattr returned -1
    ERROR lgetxattr: Attribute not found

bb_statfs(path="/", statv=0x01a6b3c0)

bb_access(path="/", mask=00)
    bb_fullpath:  rootdir = "/Users/e31997/Desktop/sha3/fuse/example/rootdir", path = "/", fpath = "/Users/e31997/Desktop/sha3/fuse/example/rootdir/"
    bb_fullpath:  rootdir = "/Users/e31997/Desktop/sha3/fuse/example/rootdir", path = "/", fpath = "/Users/e31997/Desktop/sha3/fuse/example/rootdir/"
    statvfs returned 0
    sv:
    f_bsize = 1048576
    f_frsize = 4096
    f_blocks = 121843712
    f_bfree = 110542990
    f_bavail = 110478990
    f_files = 4294967279
    f_ffree = 4293919191
    f_favail = 4293919191
    f_fsid = 16777220
    f_flag = 0x00000000
    f_namemax = 255

bb_access(path="/", mask=00)
    bb_fullpath:  rootdir = "/Users/e31997/Desktop/sha3/fuse/example/rootdir", path = "/", fpath = "/Users/e31997/Desktop/sha3/fuse/example/rootdir/"

bb_statfs(path="/", statv=0x019e83c0)
    bb_fullpath:  rootdir = "/Users/e31997/Desktop/sha3/fuse/example/rootdir", path = "/", fpath = "/Users/e31997/Desktop/sha3/fuse/example/rootdir/"
    statvfs returned 0
    sv:
    f_bsize = 1048576
    f_frsize = 4096
    f_blocks = 121843712

bb_statfs(path="/", statv=0x0185f3c0)
    f_bfree = 110542990
    bb_fullpath:  rootdir = "/Users/e31997/Desktop/sha3/fuse/example/rootdir", path = "/", fpath = "/Users/e31997/Desktop/sha3/fuse/example/rootdir/"
    f_bavail = 110478990

bb_access(path="/", mask=00)
    statvfs returned 0
    f_files = 4294967279
    bb_fullpath:  rootdir = "/Users/e31997/Desktop/sha3/fuse/example/rootdir", path = "/", fpath = "/Users/e31997/Desktop/sha3/fuse/example/rootdir/"
    sv:
    f_ffree = 4293919191
    f_bsize = 1048576
    f_favail = 4293919191
    f_frsize = 4096
    f_fsid = 16777220
    f_blocks = 121843712
    f_flag = 0x00000000
    f_bfree = 110542990
    f_namemax = 255
    f_bavail = 110478990
    f_files = 4294967279
    f_ffree = 4293919191
    f_favail = 4293919191
    f_fsid = 16777220
    f_flag = 0x00000000
    f_namemax = 255

bb_statfs(path="/", statv=0x01b713c0)
    bb_fullpath:  rootdir = "/Users/e31997/Desktop/sha3/fuse/example/rootdir", path = "/", fpath = "/Users/e31997/Desktop/sha3/fuse/example/rootdir/"
    statvfs returned 0
    sv:
    f_bsize = 1048576
    f_frsize = 4096
    f_blocks = 121843712
    f_bfree = 110542990
    f_bavail = 110478990
    f_files = 4294967279

bb_statfs(path="/", statv=0x019653c0)
    f_ffree = 4293919191

bb_access(path="/", mask=00)
    bb_fullpath:  rootdir = "/Users/e31997/Desktop/sha3/fuse/example/rootdir", path = "/", fpath = "/Users/e31997/Desktop/sha3/fuse/example/rootdir/"
    f_favail = 4293919191
    bb_fullpath:  rootdir = "/Users/e31997/Desktop/sha3/fuse/example/rootdir", path = "/", fpath = "/Users/e31997/Desktop/sha3/fuse/example/rootdir/"
    f_fsid = 16777220
    statvfs returned 0
    f_flag = 0x00000000
    sv:
    f_namemax = 255
    f_bsize = 1048576

bb_access(path="/", mask=00)
    f_frsize = 4096
    bb_fullpath:  rootdir = "/Users/e31997/Desktop/sha3/fuse/example/rootdir", path = "/", fpath = "/Users/e31997/Desktop/sha3/fuse/example/rootdir/"
    f_blocks = 121843712

bb_statfs(path="/", statv=0x017dc3c0)
    f_bfree = 110542990
    bb_fullpath:  rootdir = "/Users/e31997/Desktop/sha3/fuse/example/rootdir", path = "/", fpath = "/Users/e31997/Desktop/sha3/fuse/example/rootdir/"
    f_bavail = 110478990
    statvfs returned 0
    f_files = 4294967279

bb_access(path="/", mask=00)
    sv:
    f_ffree = 4293919191
    bb_fullpath:  rootdir = "/Users/e31997/Desktop/sha3/fuse/example/rootdir", path = "/", fpath = "/Users/e31997/Desktop/sha3/fuse/example/rootdir/"
    f_bsize = 1048576
    f_favail = 4293919191
    f_frsize = 4096
    f_fsid = 16777220

bb_access(path="/", mask=00)
    f_blocks = 121843712

bb_statfs(path="/", statv=0x016d63c0)
    f_flag = 0x00000000
    bb_fullpath:  rootdir = "/Users/e31997/Desktop/sha3/fuse/example/rootdir", path = "/", fpath = "/Users/e31997/Desktop/sha3/fuse/example/rootdir/"
    f_bfree = 110542989
    bb_fullpath:  rootdir = "/Users/e31997/Desktop/sha3/fuse/example/rootdir", path = "/", fpath = "/Users/e31997/Desktop/sha3/fuse/example/rootdir/"
    f_namemax = 255
    f_bavail = 110478989
    statvfs returned 0
    f_files = 4294967279
    sv:
    f_ffree = 4293919191
    f_bsize = 1048576
    f_favail = 4293919191

bb_access(path="/", mask=00)
    f_frsize = 4096
    f_fsid = 16777220

bb_statfs(path="/", statv=0x0185f3c0)
    bb_fullpath:  rootdir = "/Users/e31997/Desktop/sha3/fuse/example/rootdir", path = "/", fpath = "/Users/e31997/Desktop/sha3/fuse/example/rootdir/"
    f_blocks = 121843712
    f_flag = 0x00000000
    bb_fullpath:  rootdir = "/Users/e31997/Desktop/sha3/fuse/example/rootdir", path = "/", fpath = "/Users/e31997/Desktop/sha3/fuse/example/rootdir/"
    f_bfree = 110542989
    f_namemax = 255
    statvfs returned 0
    f_bavail = 110478989

bb_access(path="/", mask=00)
    sv:
    f_files = 4294967279
    bb_fullpath:  rootdir = "/Users/e31997/Desktop/sha3/fuse/example/rootdir", path = "/", fpath = "/Users/e31997/Desktop/sha3/fuse/example/rootdir/"
    f_bsize = 1048576
    f_ffree = 4293919191
    f_frsize = 4096
    f_favail = 4293919191
    f_blocks = 121843712

bb_statfs(path="/", statv=0x01b713c0)
    f_fsid = 16777220
    f_bfree = 110542989
    bb_fullpath:  rootdir = "/Users/e31997/Desktop/sha3/fuse/example/rootdir", path = "/", fpath = "/Users/e31997/Desktop/sha3/fuse/example/rootdir/"

bb_access(path="/", mask=00)
    f_flag = 0x00000000
    f_bavail = 110478989
    statvfs returned 0
    bb_fullpath:  rootdir = "/Users/e31997/Desktop/sha3/fuse/example/rootdir", path = "/", fpath = "/Users/e31997/Desktop/sha3/fuse/example/rootdir/"
    f_namemax = 255
    f_files = 4294967279
    sv:
    f_ffree = 4293919191

bb_getxattr(path = "/", name = "com.apple.FinderInfo", value = 0xb7c03080, size = 32)
    f_bsize = 1048576
    f_favail = 4293919191
    bb_fullpath:  rootdir = "/Users/e31997/Desktop/sha3/fuse/example/rootdir", path = "/", fpath = "/Users/e31997/Desktop/sha3/fuse/example/rootdir/"
    f_frsize = 4096
    f_fsid = 16777220
    lgetxattr returned -1
    f_blocks = 121843712
    f_flag = 0x00000000
    ERROR lgetxattr: Attribute not found
    f_bfree = 110542989
    f_namemax = 255
    f_bavail = 110478989

bb_access(path="/", mask=00)
    f_files = 4294967279
    bb_fullpath:  rootdir = "/Users/e31997/Desktop/sha3/fuse/example/rootdir", path = "/", fpath = "/Users/e31997/Desktop/sha3/fuse/example/rootdir/"
    f_ffree = 4293919191

bb_statfs(path="/", statv=0x019653c0)
    f_favail = 4293919191
    bb_fullpath:  rootdir = "/Users/e31997/Desktop/sha3/fuse/example/rootdir", path = "/", fpath = "/Users/e31997/Desktop/sha3/fuse/example/rootdir/"
    f_fsid = 16777220

bb_statfs(path="/", statv=0x019e83c0)
    statvfs returned 0
    f_flag = 0x00000000
    bb_fullpath:  rootdir = "/Users/e31997/Desktop/sha3/fuse/example/rootdir", path = "/", fpath = "/Users/e31997/Desktop/sha3/fuse/example/rootdir/"
    sv:
    f_namemax = 255
    statvfs returned 0
    f_bsize = 1048576
    sv:
    f_frsize = 4096
    f_bsize = 1048576
    f_blocks = 121843712
    f_frsize = 4096
    f_bfree = 110542989
    f_blocks = 121843712

bb_access(path="/", mask=00)
    f_bavail = 110478989
    f_bfree = 110542989
    bb_fullpath:  rootdir = "/Users/e31997/Desktop/sha3/fuse/example/rootdir", path = "/", fpath = "/Users/e31997/Desktop/sha3/fuse/example/rootdir/"
    f_files = 4294967279
    f_bavail = 110478989
    f_ffree = 4293919191
    f_files = 4294967279
    f_favail = 4293919191

bb_statfs(path="/", statv=0x01aee3c0)
    f_ffree = 4293919191
    f_fsid = 16777220
    bb_fullpath:  rootdir = "/Users/e31997/Desktop/sha3/fuse/example/rootdir", path = "/", fpath = "/Users/e31997/Desktop/sha3/fuse/example/rootdir/"
    f_favail = 4293919191
    f_flag = 0x00000000
    f_fsid = 16777220
    statvfs returned 0
    f_namemax = 255
    f_flag = 0x00000000
    sv:
    f_namemax = 255
    f_bsize = 1048576
    f_frsize = 4096
    f_blocks = 121843712
    f_bfree = 110542988
    f_bavail = 110478988
    f_files = 4294967279
    f_ffree = 4293919191
    f_favail = 4293919191
    f_fsid = 16777220
    f_flag = 0x00000000
    f_namemax = 255

bb_access(path="/", mask=00)
    bb_fullpath:  rootdir = "/Users/e31997/Desktop/sha3/fuse/example/rootdir", path = "/", fpath = "/Users/e31997/Desktop/sha3/fuse/example/rootdir/"

bb_access(path="/", mask=00)
    bb_fullpath:  rootdir = "/Users/e31997/Desktop/sha3/fuse/example/rootdir", path = "/", fpath = "/Users/e31997/Desktop/sha3/fuse/example/rootdir/"

bb_access(path="/", mask=00)
    bb_fullpath:  rootdir = "/Users/e31997/Desktop/sha3/fuse/example/rootdir", path = "/", fpath = "/Users/e31997/Desktop/sha3/fuse/example/rootdir/"

bb_access(path="/", mask=00)
    bb_fullpath:  rootdir = "/Users/e31997/Desktop/sha3/fuse/example/rootdir", path = "/", fpath = "/Users/e31997/Desktop/sha3/fuse/example/rootdir/"

bb_statfs(path="/", statv=0x018e23c0)
    bb_fullpath:  rootdir = "/Users/e31997/Desktop/sha3/fuse/example/rootdir", path = "/", fpath = "/Users/e31997/Desktop/sha3/fuse/example/rootdir/"
    statvfs returned 0
    sv:
    f_bsize = 1048576
    f_frsize = 4096
    f_blocks = 121843712
    f_bfree = 110542988
    f_bavail = 110478988
    f_files = 4294967279
    f_ffree = 4293919191

bb_statfs(path="/", statv=0x01b713c0)
    f_favail = 4293919191

bb_access(path="/", mask=00)
    bb_fullpath:  rootdir = "/Users/e31997/Desktop/sha3/fuse/example/rootdir", path = "/", fpath = "/Users/e31997/Desktop/sha3/fuse/example/rootdir/"
    f_fsid = 16777220
    bb_fullpath:  rootdir = "/Users/e31997/Desktop/sha3/fuse/example/rootdir", path = "/", fpath = "/Users/e31997/Desktop/sha3/fuse/example/rootdir/"
    statvfs returned 0
    f_flag = 0x00000000
    sv:
    f_namemax = 255

bb_getxattr(path = "/", name = "com.apple.FinderInfo", value = 0xb9100000, size = 32)
    f_bsize = 1048576
    bb_fullpath:  rootdir = "/Users/e31997/Desktop/sha3/fuse/example/rootdir", path = "/", fpath = "/Users/e31997/Desktop/sha3/fuse/example/rootdir/"
    f_frsize = 4096
    lgetxattr returned -1
    f_blocks = 121843712
    ERROR lgetxattr: Attribute not found
    f_bfree = 110542988
    f_bavail = 110478988
    f_files = 4294967279
    f_ffree = 4293919191
    f_favail = 4293919191
    f_fsid = 16777220
    f_flag = 0x00000000
    f_namemax = 255

bb_access(path="/", mask=00)
    bb_fullpath:  rootdir = "/Users/e31997/Desktop/sha3/fuse/example/rootdir", path = "/", fpath = "/Users/e31997/Desktop/sha3/fuse/example/rootdir/"

bb_access(path="/", mask=00)
    bb_fullpath:  rootdir = "/Users/e31997/Desktop/sha3/fuse/example/rootdir", path = "/", fpath = "/Users/e31997/Desktop/sha3/fuse/example/rootdir/"

bb_access(path="/", mask=00)
    bb_fullpath:  rootdir = "/Users/e31997/Desktop/sha3/fuse/example/rootdir", path = "/", fpath = "/Users/e31997/Desktop/sha3/fuse/example/rootdir/"

bb_access(path="/", mask=02)
    bb_fullpath:  rootdir = "/Users/e31997/Desktop/sha3/fuse/example/rootdir", path = "/", fpath = "/Users/e31997/Desktop/sha3/fuse/example/rootdir/"

bb_access(path="/", mask=04)
    bb_fullpath:  rootdir = "/Users/e31997/Desktop/sha3/fuse/example/rootdir", path = "/", fpath = "/Users/e31997/Desktop/sha3/fuse/example/rootdir/"

bb_access(path="/", mask=01)
    bb_fullpath:  rootdir = "/Users/e31997/Desktop/sha3/fuse/example/rootdir", path = "/", fpath = "/Users/e31997/Desktop/sha3/fuse/example/rootdir/"

bb_getxattr(path = "/", name = "com.apple.FinderInfo", value = 0xb93000a0, size = 32)
    bb_fullpath:  rootdir = "/Users/e31997/Desktop/sha3/fuse/example/rootdir", path = "/", fpath = "/Users/e31997/Desktop/sha3/fuse/example/rootdir/"
    lgetxattr returned -1
    ERROR lgetxattr: Attribute not found

bb_access(path="/", mask=00)
    bb_fullpath:  rootdir = "/Users/e31997/Desktop/sha3/fuse/example/rootdir", path = "/", fpath = "/Users/e31997/Desktop/sha3/fuse/example/rootdir/"

bb_access(path="/", mask=00)
    bb_fullpath:  rootdir = "/Users/e31997/Desktop/sha3/fuse/example/rootdir", path = "/", fpath = "/Users/e31997/Desktop/sha3/fuse/example/rootdir/"

bb_access(path="/", mask=00)
    bb_fullpath:  rootdir = "/Users/e31997/Desktop/sha3/fuse/example/rootdir", path = "/", fpath = "/Users/e31997/Desktop/sha3/fuse/example/rootdir/"

bb_access(path="/", mask=02)
    bb_fullpath:  rootdir = "/Users/e31997/Desktop/sha3/fuse/example/rootdir", path = "/", fpath = "/Users/e31997/Desktop/sha3/fuse/example/rootdir/"

bb_access(path="/", mask=04)
    bb_fullpath:  rootdir = "/Users/e31997/Desktop/sha3/fuse/example/rootdir", path = "/", fpath = "/Users/e31997/Desktop/sha3/fuse/example/rootdir/"

bb_access(path="/", mask=01)
    bb_fullpath:  rootdir = "/Users/e31997/Desktop/sha3/fuse/example/rootdir", path = "/", fpath = "/Users/e31997/Desktop/sha3/fuse/example/rootdir/"

bb_getxattr(path = "/", name = "com.apple.FinderInfo", value = 0xb9000000, size = 32)
    bb_fullpath:  rootdir = "/Users/e31997/Desktop/sha3/fuse/example/rootdir", path = "/", fpath = "/Users/e31997/Desktop/sha3/fuse/example/rootdir/"
    lgetxattr returned -1
    ERROR lgetxattr: Attribute not found

bb_access(path="/", mask=00)
    bb_fullpath:  rootdir = "/Users/e31997/Desktop/sha3/fuse/example/rootdir", path = "/", fpath = "/Users/e31997/Desktop/sha3/fuse/example/rootdir/"

bb_access(path="/", mask=00)
    bb_fullpath:  rootdir = "/Users/e31997/Desktop/sha3/fuse/example/rootdir", path = "/", fpath = "/Users/e31997/Desktop/sha3/fuse/example/rootdir/"

bb_access(path="/", mask=00)
    bb_fullpath:  rootdir = "/Users/e31997/Desktop/sha3/fuse/example/rootdir", path = "/", fpath = "/Users/e31997/Desktop/sha3/fuse/example/rootdir/"

bb_access(path="/", mask=00)
    bb_fullpath:  rootdir = "/Users/e31997/Desktop/sha3/fuse/example/rootdir", path = "/", fpath = "/Users/e31997/Desktop/sha3/fuse/example/rootdir/"

bb_statfs(path="/", statv=0x019653c0)
    bb_fullpath:  rootdir = "/Users/e31997/Desktop/sha3/fuse/example/rootdir", path = "/", fpath = "/Users/e31997/Desktop/sha3/fuse/example/rootdir/"
    statvfs returned 0
    sv:
    f_bsize = 1048576
    f_frsize = 4096
    f_blocks = 121843712
    f_bfree = 110542987
    f_bavail = 110478987
    f_files = 4294967279
    f_ffree = 4293919191
    f_favail = 4293919191
    f_fsid = 16777220
    f_flag = 0x00000000
    f_namemax = 255

bb_statfs(path="/", statv=0x01b713c0)
    bb_fullpath:  rootdir = "/Users/e31997/Desktop/sha3/fuse/example/rootdir", path = "/", fpath = "/Users/e31997/Desktop/sha3/fuse/example/rootdir/"
    statvfs returned 0
    sv:
    f_bsize = 1048576
    f_frsize = 4096
    f_blocks = 121843712
    f_bfree = 110542987
    f_bavail = 110478987
    f_files = 4294967279
    f_ffree = 4293919191
    f_favail = 4293919191
    f_fsid = 16777220
    f_flag = 0x00000000
    f_namemax = 255

bb_access(path="/", mask=00)
    bb_fullpath:  rootdir = "/Users/e31997/Desktop/sha3/fuse/example/rootdir", path = "/", fpath = "/Users/e31997/Desktop/sha3/fuse/example/rootdir/"

bb_access(path="/", mask=00)
    bb_fullpath:  rootdir = "/Users/e31997/Desktop/sha3/fuse/example/rootdir", path = "/", fpath = "/Users/e31997/Desktop/sha3/fuse/example/rootdir/"

bb_statfs(path="/", statv=0x01a6b3c0)
    bb_fullpath:  rootdir = "/Users/e31997/Desktop/sha3/fuse/example/rootdir", path = "/", fpath = "/Users/e31997/Desktop/sha3/fuse/example/rootdir/"
    statvfs returned 0
    sv:
    f_bsize = 1048576
    f_frsize = 4096
    f_blocks = 121843712
    f_bfree = 110542986
    f_bavail = 110478986
    f_files = 4294967279
    f_ffree = 4293919191
    f_favail = 4293919191
    f_fsid = 16777220
    f_flag = 0x00000000
    f_namemax = 255

bb_access(path="/", mask=00)
    bb_fullpath:  rootdir = "/Users/e31997/Desktop/sha3/fuse/example/rootdir", path = "/", fpath = "/Users/e31997/Desktop/sha3/fuse/example/rootdir/"

bb_statfs(path="/", statv=0x017593c0)
    bb_fullpath:  rootdir = "/Users/e31997/Desktop/sha3/fuse/example/rootdir", path = "/", fpath = "/Users/e31997/Desktop/sha3/fuse/example/rootdir/"
    statvfs returned 0
    sv:
    f_bsize = 1048576
    f_frsize = 4096
    f_blocks = 121843712
    f_bfree = 110542986
    f_bavail = 110478986
    f_files = 4294967279
    f_ffree = 4293919191
    f_favail = 4293919191
    f_fsid = 16777220
    f_flag = 0x00000000
    f_namemax = 255

bb_access(path="/", mask=00)
    bb_fullpath:  rootdir = "/Users/e31997/Desktop/sha3/fuse/example/rootdir", path = "/", fpath = "/Users/e31997/Desktop/sha3/fuse/example/rootdir/"

bb_access(path="/", mask=00)
    bb_fullpath:  rootdir = "/Users/e31997/Desktop/sha3/fuse/example/rootdir", path = "/", fpath = "/Users/e31997/Desktop/sha3/fuse/example/rootdir/"

bb_statfs(path="/", statv=0x018e23c0)
    bb_fullpath:  rootdir = "/Users/e31997/Desktop/sha3/fuse/example/rootdir", path = "/", fpath = "/Users/e31997/Desktop/sha3/fuse/example/rootdir/"
    statvfs returned 0
    sv:
    f_bsize = 1048576
    f_frsize = 4096
    f_blocks = 121843712
    f_bfree = 110542986
    f_bavail = 110478986
    f_files = 4294967279
    f_ffree = 4293919191
    f_favail = 4293919191
    f_fsid = 16777220
    f_flag = 0x00000000
    f_namemax = 255

bb_access(path="/", mask=00)
    bb_fullpath:  rootdir = "/Users/e31997/Desktop/sha3/fuse/example/rootdir", path = "/", fpath = "/Users/e31997/Desktop/sha3/fuse/example/rootdir/"

bb_getxattr(path = "/", name = "com.apple.FinderInfo", value = 0xb7c02eb0, size = 32)
    bb_fullpath:  rootdir = "/Users/e31997/Desktop/sha3/fuse/example/rootdir", path = "/", fpath = "/Users/e31997/Desktop/sha3/fuse/example/rootdir/"
    lgetxattr returned -1
    ERROR lgetxattr: Attribute not found

bb_statfs(path="/", statv=0x019e83c0)
    bb_fullpath:  rootdir = "/Users/e31997/Desktop/sha3/fuse/example/rootdir", path = "/", fpath = "/Users/e31997/Desktop/sha3/fuse/example/rootdir/"
    statvfs returned 0
    sv:
    f_bsize = 1048576
    f_frsize = 4096
    f_blocks = 121843712
    f_bfree = 110542986
    f_bavail = 110478986
    f_files = 4294967279
    f_ffree = 4293919191
    f_favail = 4293919191
    f_fsid = 16777220
    f_flag = 0x00000000
    f_namemax = 255

bb_access(path="/", mask=00)
    bb_fullpath:  rootdir = "/Users/e31997/Desktop/sha3/fuse/example/rootdir", path = "/", fpath = "/Users/e31997/Desktop/sha3/fuse/example/rootdir/"

bb_getxattr(path = "/", name = "com.apple.FinderInfo", value = 0xb93000a0, size = 32)
    bb_fullpath:  rootdir = "/Users/e31997/Desktop/sha3/fuse/example/rootdir", path = "/", fpath = "/Users/e31997/Desktop/sha3/fuse/example/rootdir/"
    lgetxattr returned -1
    ERROR lgetxattr: Attribute not found

bb_statfs(path="/", statv=0x016d63c0)
    bb_fullpath:  rootdir = "/Users/e31997/Desktop/sha3/fuse/example/rootdir", path = "/", fpath = "/Users/e31997/Desktop/sha3/fuse/example/rootdir/"
    statvfs returned 0
    sv:
    f_bsize = 1048576
    f_frsize = 4096
    f_blocks = 121843712
    f_bfree = 110542986
    f_bavail = 110478986
    f_files = 4294967279
    f_ffree = 4293919191
    f_favail = 4293919191
    f_fsid = 16777220
    f_flag = 0x00000000
    f_namemax = 255

bb_access(path="/", mask=00)
    bb_fullpath:  rootdir = "/Users/e31997/Desktop/sha3/fuse/example/rootdir", path = "/", fpath = "/Users/e31997/Desktop/sha3/fuse/example/rootdir/"

bb_access(path="/", mask=02)
    bb_fullpath:  rootdir = "/Users/e31997/Desktop/sha3/fuse/example/rootdir", path = "/", fpath = "/Users/e31997/Desktop/sha3/fuse/example/rootdir/"

bb_access(path="/", mask=04)
    bb_fullpath:  rootdir = "/Users/e31997/Desktop/sha3/fuse/example/rootdir", path = "/", fpath = "/Users/e31997/Desktop/sha3/fuse/example/rootdir/"

bb_access(path="/", mask=01)
    bb_fullpath:  rootdir = "/Users/e31997/Desktop/sha3/fuse/example/rootdir", path = "/", fpath = "/Users/e31997/Desktop/sha3/fuse/example/rootdir/"

bb_getxattr(path = "/", name = "com.apple.FinderInfo", value = 0xb7c02eb0, size = 32)
    bb_fullpath:  rootdir = "/Users/e31997/Desktop/sha3/fuse/example/rootdir", path = "/", fpath = "/Users/e31997/Desktop/sha3/fuse/example/rootdir/"
    lgetxattr returned -1
    ERROR lgetxattr: Attribute not found

bb_access(path="/", mask=00)
    bb_fullpath:  rootdir = "/Users/e31997/Desktop/sha3/fuse/example/rootdir", path = "/", fpath = "/Users/e31997/Desktop/sha3/fuse/example/rootdir/"

bb_access(path="/", mask=00)
    bb_fullpath:  rootdir = "/Users/e31997/Desktop/sha3/fuse/example/rootdir", path = "/", fpath = "/Users/e31997/Desktop/sha3/fuse/example/rootdir/"

bb_access(path="/", mask=00)
    bb_fullpath:  rootdir = "/Users/e31997/Desktop/sha3/fuse/example/rootdir", path = "/", fpath = "/Users/e31997/Desktop/sha3/fuse/example/rootdir/"

bb_access(path="/", mask=02)
    bb_fullpath:  rootdir = "/Users/e31997/Desktop/sha3/fuse/example/rootdir", path = "/", fpath = "/Users/e31997/Desktop/sha3/fuse/example/rootdir/"

bb_access(path="/", mask=04)
    bb_fullpath:  rootdir = "/Users/e31997/Desktop/sha3/fuse/example/rootdir", path = "/", fpath = "/Users/e31997/Desktop/sha3/fuse/example/rootdir/"

bb_access(path="/", mask=01)
    bb_fullpath:  rootdir = "/Users/e31997/Desktop/sha3/fuse/example/rootdir", path = "/", fpath = "/Users/e31997/Desktop/sha3/fuse/example/rootdir/"

bb_getxattr(path = "/", name = "com.apple.FinderInfo", value = 0xb93000a0, size = 32)
    bb_fullpath:  rootdir = "/Users/e31997/Desktop/sha3/fuse/example/rootdir", path = "/", fpath = "/Users/e31997/Desktop/sha3/fuse/example/rootdir/"
    lgetxattr returned -1
    ERROR lgetxattr: Attribute not found

bb_access(path="/", mask=00)
    bb_fullpath:  rootdir = "/Users/e31997/Desktop/sha3/fuse/example/rootdir", path = "/", fpath = "/Users/e31997/Desktop/sha3/fuse/example/rootdir/"

bb_access(path="/", mask=00)
    bb_fullpath:  rootdir = "/Users/e31997/Desktop/sha3/fuse/example/rootdir", path = "/", fpath = "/Users/e31997/Desktop/sha3/fuse/example/rootdir/"

bb_access(path="/", mask=01)
    bb_fullpath:  rootdir = "/Users/e31997/Desktop/sha3/fuse/example/rootdir", path = "/", fpath = "/Users/e31997/Desktop/sha3/fuse/example/rootdir/"

bb_getattr(path="/.DS_Store", statbuf=0x01b71bc0)
    bb_fullpath:  rootdir = "/Users/e31997/Desktop/sha3/fuse/example/rootdir", path = "/.DS_Store", fpath = "/Users/e31997/Desktop/sha3/fuse/example/rootdir/.DS_Store"
    lstat returned -1
    ERROR lstat: No such file or directory
    si:
    st_dev = 0
    st_ino = 0
    st_mode = 00
    st_nlink = 0
    st_uid = 0
    st_gid = 0
    st_rdev = 0
    st_size = 0
    st_blksize = 0
    st_blocks = 0
    st_atime = 0x00000000
    st_mtime = 0x00000000
    st_ctime = 0x00000000

bb_getattr(path="/.DS_Store", statbuf=0x019e8bc0)
    bb_fullpath:  rootdir = "/Users/e31997/Desktop/sha3/fuse/example/rootdir", path = "/.DS_Store", fpath = "/Users/e31997/Desktop/sha3/fuse/example/rootdir/.DS_Store"
    lstat returned -1
    ERROR lstat: No such file or directory
    si:
    st_dev = 0
    st_ino = 0
    st_mode = 00
    st_nlink = 0
    st_uid = 0
    st_gid = 0
    st_rdev = 0
    st_size = 0
    st_blksize = 0
    st_blocks = 0
    st_atime = 0x00000000
    st_mtime = 0x00000000
    st_ctime = 0x00000000

bb_statfs(path="/", statv=0x01aee3c0)
    bb_fullpath:  rootdir = "/Users/e31997/Desktop/sha3/fuse/example/rootdir", path = "/", fpath = "/Users/e31997/Desktop/sha3/fuse/example/rootdir/"
    statvfs returned 0
    sv:
    f_bsize = 1048576
    f_frsize = 4096
    f_blocks = 121843712
    f_bfree = 110542985
    f_bavail = 110478985
    f_files = 4294967279
    f_ffree = 4293919191
    f_favail = 4293919191
    f_fsid = 16777220
    f_flag = 0x00000000
    f_namemax = 255

bb_statfs(path="/", statv=0x01a6b3c0)
    bb_fullpath:  rootdir = "/Users/e31997/Desktop/sha3/fuse/example/rootdir", path = "/", fpath = "/Users/e31997/Desktop/sha3/fuse/example/rootdir/"
    statvfs returned 0
    sv:
    f_bsize = 1048576
    f_frsize = 4096
    f_blocks = 121843712
    f_bfree = 110542984
    f_bavail = 110478984
    f_files = 4294967279
    f_ffree = 4293919191
    f_favail = 4293919191
    f_fsid = 16777220
    f_flag = 0x00000000
    f_namemax = 255

bb_access(path="/", mask=00)
    bb_fullpath:  rootdir = "/Users/e31997/Desktop/sha3/fuse/example/rootdir", path = "/", fpath = "/Users/e31997/Desktop/sha3/fuse/example/rootdir/"

bb_access(path="/", mask=00)
    bb_fullpath:  rootdir = "/Users/e31997/Desktop/sha3/fuse/example/rootdir", path = "/", fpath = "/Users/e31997/Desktop/sha3/fuse/example/rootdir/"

bb_statfs(path="/", statv=0x0185f3c0)
    bb_fullpath:  rootdir = "/Users/e31997/Desktop/sha3/fuse/example/rootdir", path = "/", fpath = "/Users/e31997/Desktop/sha3/fuse/example/rootdir/"
    statvfs returned 0
    sv:
    f_bsize = 1048576
    f_frsize = 4096
    f_blocks = 121843712
    f_bfree = 110542984
    f_bavail = 110478984
    f_files = 4294967279
    f_ffree = 4293919191
    f_favail = 4293919191
    f_fsid = 16777220
    f_flag = 0x00000000
    f_namemax = 255

bb_access(path="/", mask=00)
    bb_fullpath:  rootdir = "/Users/e31997/Desktop/sha3/fuse/example/rootdir", path = "/", fpath = "/Users/e31997/Desktop/sha3/fuse/example/rootdir/"

bb_statfs(path="/", statv=0x018e23c0)
    bb_fullpath:  rootdir = "/Users/e31997/Desktop/sha3/fuse/example/rootdir", path = "/", fpath = "/Users/e31997/Desktop/sha3/fuse/example/rootdir/"
    statvfs returned 0
    sv:
    f_bsize = 1048576
    f_frsize = 4096
    f_blocks = 121843712
    f_bfree = 110542984
    f_bavail = 110478984
    f_files = 4294967279
    f_ffree = 4293919191
    f_favail = 4293919191
    f_fsid = 16777220
    f_flag = 0x00000000
    f_namemax = 255

bb_access(path="/", mask=00)
    bb_fullpath:  rootdir = "/Users/e31997/Desktop/sha3/fuse/example/rootdir", path = "/", fpath = "/Users/e31997/Desktop/sha3/fuse/example/rootdir/"

bb_access(path="/", mask=00)
    bb_fullpath:  rootdir = "/Users/e31997/Desktop/sha3/fuse/example/rootdir", path = "/", fpath = "/Users/e31997/Desktop/sha3/fuse/example/rootdir/"

bb_statfs(path="/", statv=0x019e83c0)
    bb_fullpath:  rootdir = "/Users/e31997/Desktop/sha3/fuse/example/rootdir", path = "/", fpath = "/Users/e31997/Desktop/sha3/fuse/example/rootdir/"
    statvfs returned 0
    sv:
    f_bsize = 1048576
    f_frsize = 4096
    f_blocks = 121843712
    f_bfree = 110542984
    f_bavail = 110478984
    f_files = 4294967279
    f_ffree = 4293919191
    f_favail = 4293919191
    f_fsid = 16777220
    f_flag = 0x00000000
    f_namemax = 255

bb_access(path="/", mask=00)
    bb_fullpath:  rootdir = "/Users/e31997/Desktop/sha3/fuse/example/rootdir", path = "/", fpath = "/Users/e31997/Desktop/sha3/fuse/example/rootdir/"

bb_access(path="/", mask=00)
    bb_fullpath:  rootdir = "/Users/e31997/Desktop/sha3/fuse/example/rootdir", path = "/", fpath = "/Users/e31997/Desktop/sha3/fuse/example/rootdir/"

bb_access(path="/", mask=00)
    bb_fullpath:  rootdir = "/Users/e31997/Desktop/sha3/fuse/example/rootdir", path = "/", fpath = "/Users/e31997/Desktop/sha3/fuse/example/rootdir/"

bb_access(path="/", mask=00)
    bb_fullpath:  rootdir = "/Users/e31997/Desktop/sha3/fuse/example/rootdir", path = "/", fpath = "/Users/e31997/Desktop/sha3/fuse/example/rootdir/"

bb_access(path="/", mask=00)
    bb_fullpath:  rootdir = "/Users/e31997/Desktop/sha3/fuse/example/rootdir", path = "/", fpath = "/Users/e31997/Desktop/sha3/fuse/example/rootdir/"

bb_access(path="/", mask=00)
    bb_fullpath:  rootdir = "/Users/e31997/Desktop/sha3/fuse/example/rootdir", path = "/", fpath = "/Users/e31997/Desktop/sha3/fuse/example/rootdir/"

bb_access(path="/", mask=00)
    bb_fullpath:  rootdir = "/Users/e31997/Desktop/sha3/fuse/example/rootdir", path = "/", fpath = "/Users/e31997/Desktop/sha3/fuse/example/rootdir/"

bb_access(path="/", mask=00)
    bb_fullpath:  rootdir = "/Users/e31997/Desktop/sha3/fuse/example/rootdir", path = "/", fpath = "/Users/e31997/Desktop/sha3/fuse/example/rootdir/"

bb_access(path="/", mask=02)
    bb_fullpath:  rootdir = "/Users/e31997/Desktop/sha3/fuse/example/rootdir", path = "/", fpath = "/Users/e31997/Desktop/sha3/fuse/example/rootdir/"

bb_access(path="/", mask=04)
    bb_fullpath:  rootdir = "/Users/e31997/Desktop/sha3/fuse/example/rootdir", path = "/", fpath = "/Users/e31997/Desktop/sha3/fuse/example/rootdir/"

bb_access(path="/", mask=01)
    bb_fullpath:  rootdir = "/Users/e31997/Desktop/sha3/fuse/example/rootdir", path = "/", fpath = "/Users/e31997/Desktop/sha3/fuse/example/rootdir/"

bb_getxattr(path = "/", name = "com.apple.FinderInfo", value = 0xb93000a0, size = 32)
    bb_fullpath:  rootdir = "/Users/e31997/Desktop/sha3/fuse/example/rootdir", path = "/", fpath = "/Users/e31997/Desktop/sha3/fuse/example/rootdir/"
    lgetxattr returned -1
    ERROR lgetxattr: Attribute not found

bb_access(path="/", mask=00)
    bb_fullpath:  rootdir = "/Users/e31997/Desktop/sha3/fuse/example/rootdir", path = "/", fpath = "/Users/e31997/Desktop/sha3/fuse/example/rootdir/"

bb_access(path="/", mask=02)
    bb_fullpath:  rootdir = "/Users/e31997/Desktop/sha3/fuse/example/rootdir", path = "/", fpath = "/Users/e31997/Desktop/sha3/fuse/example/rootdir/"

bb_access(path="/", mask=04)
    bb_fullpath:  rootdir = "/Users/e31997/Desktop/sha3/fuse/example/rootdir", path = "/", fpath = "/Users/e31997/Desktop/sha3/fuse/example/rootdir/"

bb_access(path="/", mask=01)
    bb_fullpath:  rootdir = "/Users/e31997/Desktop/sha3/fuse/example/rootdir", path = "/", fpath = "/Users/e31997/Desktop/sha3/fuse/example/rootdir/"

bb_access(path="/", mask=00)
    bb_fullpath:  rootdir = "/Users/e31997/Desktop/sha3/fuse/example/rootdir", path = "/", fpath = "/Users/e31997/Desktop/sha3/fuse/example/rootdir/"

bb_getxattr(path = "/", name = "com.apple.FinderInfo", value = 0xb9100000, size = 32)
    bb_fullpath:  rootdir = "/Users/e31997/Desktop/sha3/fuse/example/rootdir", path = "/", fpath = "/Users/e31997/Desktop/sha3/fuse/example/rootdir/"
    lgetxattr returned -1
    ERROR lgetxattr: Attribute not found

bb_access(path="/", mask=00)
    bb_fullpath:  rootdir = "/Users/e31997/Desktop/sha3/fuse/example/rootdir", path = "/", fpath = "/Users/e31997/Desktop/sha3/fuse/example/rootdir/"

bb_access(path="/", mask=01)
    bb_fullpath:  rootdir = "/Users/e31997/Desktop/sha3/fuse/example/rootdir", path = "/", fpath = "/Users/e31997/Desktop/sha3/fuse/example/rootdir/"

bb_getattr(path="/.hidden", statbuf=0x01aeebc0)
    bb_fullpath:  rootdir = "/Users/e31997/Desktop/sha3/fuse/example/rootdir", path = "/.hidden", fpath = "/Users/e31997/Desktop/sha3/fuse/example/rootdir/.hidden"
    lstat returned -1
    ERROR lstat: No such file or directory
    si:
    st_dev = 0
    st_ino = 0
    st_mode = 00
    st_nlink = 0
    st_uid = 0
    st_gid = 0
    st_rdev = 0
    st_size = 0
    st_blksize = 0
    st_blocks = 0
    st_atime = 0x00000000
    st_mtime = 0x00000000
    st_ctime = 0x00000000

bb_access(path="/", mask=00)
    bb_fullpath:  rootdir = "/Users/e31997/Desktop/sha3/fuse/example/rootdir", path = "/", fpath = "/Users/e31997/Desktop/sha3/fuse/example/rootdir/"

bb_access(path="/", mask=00)
    bb_fullpath:  rootdir = "/Users/e31997/Desktop/sha3/fuse/example/rootdir", path = "/", fpath = "/Users/e31997/Desktop/sha3/fuse/example/rootdir/"

bb_access(path="/", mask=00)
    bb_fullpath:  rootdir = "/Users/e31997/Desktop/sha3/fuse/example/rootdir", path = "/", fpath = "/Users/e31997/Desktop/sha3/fuse/example/rootdir/"

bb_access(path="/", mask=00)
    bb_fullpath:  rootdir = "/Users/e31997/Desktop/sha3/fuse/example/rootdir", path = "/", fpath = "/Users/e31997/Desktop/sha3/fuse/example/rootdir/"

bb_access(path="/", mask=02)
    bb_fullpath:  rootdir = "/Users/e31997/Desktop/sha3/fuse/example/rootdir", path = "/", fpath = "/Users/e31997/Desktop/sha3/fuse/example/rootdir/"

bb_access(path="/", mask=04)
    bb_fullpath:  rootdir = "/Users/e31997/Desktop/sha3/fuse/example/rootdir", path = "/", fpath = "/Users/e31997/Desktop/sha3/fuse/example/rootdir/"

bb_access(path="/", mask=01)
    bb_fullpath:  rootdir = "/Users/e31997/Desktop/sha3/fuse/example/rootdir", path = "/", fpath = "/Users/e31997/Desktop/sha3/fuse/example/rootdir/"

bb_getxattr(path = "/", name = "com.apple.FinderInfo", value = 0xb9000000, size = 32)
    bb_fullpath:  rootdir = "/Users/e31997/Desktop/sha3/fuse/example/rootdir", path = "/", fpath = "/Users/e31997/Desktop/sha3/fuse/example/rootdir/"
    lgetxattr returned -1
    ERROR lgetxattr: Attribute not found

bb_access(path="/", mask=01)
    bb_fullpath:  rootdir = "/Users/e31997/Desktop/sha3/fuse/example/rootdir", path = "/", fpath = "/Users/e31997/Desktop/sha3/fuse/example/rootdir/"

bb_getattr(path="/.hidden", statbuf=0x01aeebc0)
    bb_fullpath:  rootdir = "/Users/e31997/Desktop/sha3/fuse/example/rootdir", path = "/.hidden", fpath = "/Users/e31997/Desktop/sha3/fuse/example/rootdir/.hidden"
    lstat returned -1
    ERROR lstat: No such file or directory
    si:
    st_dev = 0
    st_ino = 0
    st_mode = 00
    st_nlink = 0
    st_uid = 0
    st_gid = 0
    st_rdev = 0
    st_size = 0
    st_blksize = 0
    st_blocks = 0
    st_atime = 0x00000000
    st_mtime = 0x00000000
    st_ctime = 0x00000000

bb_access(path="/", mask=04)
    bb_fullpath:  rootdir = "/Users/e31997/Desktop/sha3/fuse/example/rootdir", path = "/", fpath = "/Users/e31997/Desktop/sha3/fuse/example/rootdir/"

bb_opendir(path="/", fi=0x016d6c10)
    bb_fullpath:  rootdir = "/Users/e31997/Desktop/sha3/fuse/example/rootdir", path = "/", fpath = "/Users/e31997/Desktop/sha3/fuse/example/rootdir/"
    opendir returned 0x0x7ff2b90002d0
    fi:
    flags = 0x00000000
    fh_old = 0x00000000
    writepage = 0
    direct_io = 0
    keep_cache = 0
    fh = 0x00007ff2b90002d0
    lock_owner = 0x0000000000000000

bb_access(path="/", mask=00)
    bb_fullpath:  rootdir = "/Users/e31997/Desktop/sha3/fuse/example/rootdir", path = "/", fpath = "/Users/e31997/Desktop/sha3/fuse/example/rootdir/"

bb_access(path="/", mask=05)
    bb_fullpath:  rootdir = "/Users/e31997/Desktop/sha3/fuse/example/rootdir", path = "/", fpath = "/Users/e31997/Desktop/sha3/fuse/example/rootdir/"

bb_access(path="/", mask=00)
    bb_fullpath:  rootdir = "/Users/e31997/Desktop/sha3/fuse/example/rootdir", path = "/", fpath = "/Users/e31997/Desktop/sha3/fuse/example/rootdir/"

bb_readdir(path="/", buf=0xb9000000, filler=0x0adc9e2b, offset=0, fi=0x018e2c10)
    readdir returned 0x0x7ff2b9800000
calling filler with name .
calling filler with name ..
calling filler with name bogus.txt
calling filler with name lol.txt
    fi:
    flags = 0x00000000
    fh_old = 0x7ff2b90002d0
    writepage = 0
    direct_io = 0
    keep_cache = 0
    fh = 0x00007ff2b90002d0
    lock_owner = 0x0000000000000000

bb_access(path="/", mask=01)
    bb_fullpath:  rootdir = "/Users/e31997/Desktop/sha3/fuse/example/rootdir", path = "/", fpath = "/Users/e31997/Desktop/sha3/fuse/example/rootdir/"

bb_getattr(path="/bogus.txt", statbuf=0x01b71bc0)
    bb_fullpath:  rootdir = "/Users/e31997/Desktop/sha3/fuse/example/rootdir", path = "/bogus.txt", fpath = "/Users/e31997/Desktop/sha3/fuse/example/rootdir/bogus.txt"
    lstat returned 0
    si:
    st_dev = 16777220
    st_ino = 1658480
    st_mode = 0100644
    st_nlink = 1
    st_uid = 814502220
    st_gid = 12104065
    st_rdev = 0
    st_size = 13
    st_blksize = 4096
    st_blocks = 8
    st_atime = 0x5ad51803
    st_mtime = 0x5ad51801
    st_ctime = 0x5ad51801

bb_access(path="/bogus.txt", mask=00)

bb_access(path="/", mask=02)
    bb_fullpath:  rootdir = "/Users/e31997/Desktop/sha3/fuse/example/rootdir", path = "/bogus.txt", fpath = "/Users/e31997/Desktop/sha3/fuse/example/rootdir/bogus.txt"
    bb_fullpath:  rootdir = "/Users/e31997/Desktop/sha3/fuse/example/rootdir", path = "/", fpath = "/Users/e31997/Desktop/sha3/fuse/example/rootdir/"

bb_access(path="/", mask=04)
    bb_fullpath:  rootdir = "/Users/e31997/Desktop/sha3/fuse/example/rootdir", path = "/", fpath = "/Users/e31997/Desktop/sha3/fuse/example/rootdir/"

bb_access(path="/", mask=01)
    bb_fullpath:  rootdir = "/Users/e31997/Desktop/sha3/fuse/example/rootdir", path = "/", fpath = "/Users/e31997/Desktop/sha3/fuse/example/rootdir/"

bb_getxattr(path = "/", name = "com.apple.FinderInfo", value = 0xb7c02eb0, size = 32)
    bb_fullpath:  rootdir = "/Users/e31997/Desktop/sha3/fuse/example/rootdir", path = "/", fpath = "/Users/e31997/Desktop/sha3/fuse/example/rootdir/"
    lgetxattr returned -1
    ERROR lgetxattr: Attribute not found

bb_getattr(path="/", statbuf=0x0185fba0)
    bb_fullpath:  rootdir = "/Users/e31997/Desktop/sha3/fuse/example/rootdir", path = "/", fpath = "/Users/e31997/Desktop/sha3/fuse/example/rootdir/"
    lstat returned 0
    si:
    st_dev = 16777220
    st_ino = 1658479
    st_mode = 040755
    st_nlink = 4
    st_uid = 814502220
    st_gid = 12104065
    st_rdev = 0
    st_size = 136
    st_blksize = 4096
    st_blocks = 0
    st_atime = 0x5ad5180b
    st_mtime = 0x5ad51801
    st_ctime = 0x5ad51801

bb_access(path="/", mask=04)
    bb_fullpath:  rootdir = "/Users/e31997/Desktop/sha3/fuse/example/rootdir", path = "/", fpath = "/Users/e31997/Desktop/sha3/fuse/example/rootdir/"

bb_access(path="/", mask=05)
    bb_fullpath:  rootdir = "/Users/e31997/Desktop/sha3/fuse/example/rootdir", path = "/", fpath = "/Users/e31997/Desktop/sha3/fuse/example/rootdir/"

bb_readdir(path="/", buf=0xb9000000, filler=0x0adc9e2b, offset=0, fi=0x01965c10)
    readdir returned 0x0x0
    ERROR bb_readdir readdir: Is a directory

bb_access(path="/bogus.txt", mask=02)

bb_readdir(path="/", buf=0xb9000000, filler=0x0adc9e2b, offset=0, fi=0x01aeec10)
    bb_fullpath:  rootdir = "/Users/e31997/Desktop/sha3/fuse/example/rootdir", path = "/bogus.txt", fpath = "/Users/e31997/Desktop/sha3/fuse/example/rootdir/bogus.txt"
    readdir returned 0x0x0
    ERROR bb_readdir readdir: Is a directory

bb_readdir(path="/", buf=0xb9000000, filler=0x0adc9e2b, offset=0, fi=0x01a6bc10)
    readdir returned 0x0x0
    ERROR bb_readdir readdir: Is a directory

bb_access(path="/", mask=00)
    bb_fullpath:  rootdir = "/Users/e31997/Desktop/sha3/fuse/example/rootdir", path = "/", fpath = "/Users/e31997/Desktop/sha3/fuse/example/rootdir/"

bb_statfs(path="/", statv=0x017593c0)
    bb_fullpath:  rootdir = "/Users/e31997/Desktop/sha3/fuse/example/rootdir", path = "/", fpath = "/Users/e31997/Desktop/sha3/fuse/example/rootdir/"
    statvfs returned 0
    sv:
    f_bsize = 1048576
    f_frsize = 4096
    f_blocks = 121843712
    f_bfree = 110542981
    f_bavail = 110478981
    f_files = 4294967279
    f_ffree = 4293919191
    f_favail = 4293919191
    f_fsid = 16777220
    f_flag = 0x00000000
    f_namemax = 255

bb_access(path="/bogus.txt", mask=04)
    bb_fullpath:  rootdir = "/Users/e31997/Desktop/sha3/fuse/example/rootdir", path = "/bogus.txt", fpath = "/Users/e31997/Desktop/sha3/fuse/example/rootdir/bogus.txt"

bb_access(path="/bogus.txt", mask=01)
    bb_fullpath:  rootdir = "/Users/e31997/Desktop/sha3/fuse/example/rootdir", path = "/bogus.txt", fpath = "/Users/e31997/Desktop/sha3/fuse/example/rootdir/bogus.txt"
    ERROR bb_access access: Permission denied

bb_getxattr(path = "/bogus.txt", name = "com.apple.FinderInfo", value = 0xb7c02eb0, size = 32)
    bb_fullpath:  rootdir = "/Users/e31997/Desktop/sha3/fuse/example/rootdir", path = "/bogus.txt", fpath = "/Users/e31997/Desktop/sha3/fuse/example/rootdir/bogus.txt"
    lgetxattr returned -1
    ERROR lgetxattr: Attribute not found

bb_getxattr(path = "/bogus.txt", name = "com.apple.ResourceFork", value = 0x00000000, size = 0)
    bb_fullpath:  rootdir = "/Users/e31997/Desktop/sha3/fuse/example/rootdir", path = "/bogus.txt", fpath = "/Users/e31997/Desktop/sha3/fuse/example/rootdir/bogus.txt"
    lgetxattr returned -1
    ERROR lgetxattr: Attribute not found

bb_getattr(path="/lol.txt", statbuf=0x01965bc0)
    bb_fullpath:  rootdir = "/Users/e31997/Desktop/sha3/fuse/example/rootdir", path = "/lol.txt", fpath = "/Users/e31997/Desktop/sha3/fuse/example/rootdir/lol.txt"
    lstat returned 0
    si:
    st_dev = 16777220
    st_ino = 1658481
    st_mode = 0100644
    st_nlink = 1
    st_uid = 814502220
    st_gid = 12104065
    st_rdev = 0
    st_size = 841
    st_blksize = 4096
    st_blocks = 8
    st_atime = 0x5ad51803
    st_mtime = 0x5ad51801
    st_ctime = 0x5ad51801

bb_access(path="/lol.txt", mask=00)
    bb_fullpath:  rootdir = "/Users/e31997/Desktop/sha3/fuse/example/rootdir", path = "/lol.txt", fpath = "/Users/e31997/Desktop/sha3/fuse/example/rootdir/lol.txt"

bb_access(path="/lol.txt", mask=02)
    bb_fullpath:  rootdir = "/Users/e31997/Desktop/sha3/fuse/example/rootdir", path = "/lol.txt", fpath = "/Users/e31997/Desktop/sha3/fuse/example/rootdir/lol.txt"

bb_access(path="/lol.txt", mask=04)
    bb_fullpath:  rootdir = "/Users/e31997/Desktop/sha3/fuse/example/rootdir", path = "/lol.txt", fpath = "/Users/e31997/Desktop/sha3/fuse/example/rootdir/lol.txt"
